-------------------------------------------------------------------------------
Test set: com.cmpe202.individualproject.writer.JSONWriterTest
-------------------------------------------------------------------------------
Tests run: 1, Failures: 1, Errors: 0, Skipped: 0, Time elapsed: 0.001 s <<< FAILURE! - in com.cmpe202.individualproject.writer.JSONWriterTest
com.cmpe202.individualproject.writer.JSONWriterTest.validateJSONWrite  Time elapsed: 0.001 s  <<< FAILURE!
java.lang.AssertionError: expected:<false> but was:<true>
	at com.cmpe202.individualproject.writer.JSONWriterTest.validateJSONWrite(JSONWriterTest.java:34)

