-------------------------------------------------------------------------------
Test set: com.cmpe202.individualproject.writer.CSVWriterTest
-------------------------------------------------------------------------------
Tests run: 1, Failures: 0, Errors: 1, Skipped: 0, Time elapsed: 0.003 s <<< FAILURE! - in com.cmpe202.individualproject.writer.CSVWriterTest
com.cmpe202.individualproject.writer.CSVWriterTest.validateCSVWrite  Time elapsed: 0.001 s  <<< ERROR!
java.lang.NullPointerException
	at com.cmpe202.individualproject.writer.CSVWriterTest.validateCSVWrite(CSVWriterTest.java:28)

